<?xml version="1.0" encoding="utf-8"?><testsuites name="pytest tests"><testsuite name="pytest" errors="0" failures="0" skipped="0" tests="29" time="90.836" timestamp="2026-09-01T02:14:31.382636+02:00" hostname="烤鸡"><testcase classname="tests.test_tau1_reference_pressure" name="test_old_pressure_reference_equals_old_unit_density_pressure" time="0.001" /><testcase classname="tests.test_tau1_reference_pressure" name="test_tau1_reference_pressure_formula" time="0.000" /><testcase classname="tests.test_tau1_reference_pressure" name="test_tau1_reference_density_is_one" time="0.000" /><testcase classname="tests.test_tau1_reference_pressure" name="test_pressure_reference_scales_as_dt_inverse_squared" time="0.000" /><testcase classname="tests.test_tau1_reference_pressure" name="test_outlet_gauge_pressures_preserved_under_reference_rescaling" time="0.000" /><testcase classname="tests.test_tau1_reference_pressure" name="test_tau1_lua_uses_dynamic_reference_pressure" time="0.000" /><testcase classname="tests.test_tau1_reference_pressure" name="test_tau1_fresh_smoke_forbids_old_restart" time="0.001" /><testcase classname="tests.test_tau1_reference_pressure" name="test_pressure_output_uses_dynamic_gauge_reference" time="0.000" /><testcase classname="tests.test_tau1_reference_pressure" name="test_adaptive_flux_target_contract_at_rho_one" time="0.000" /><testcase classname="tests.test_tau1_reference_pressure" name="test_old_misscaled_base_classification" time="0.000" /><testcase classname="tests.test_tau1_base_runtime_contract" name="test_tau1_runtime_physics_and_boundary_contract" time="0.000" /><testcase classname="tests.test_tau1_base_runtime_contract" name="test_dense_restart_uses_iteration_filename_key_loaded_by_tem" time="0.000" /><testcase classname="tests.test_adaptive_flux_pressure_audit" name="test_musubi_native_pressure_flux_is_affine_and_solve_is_exact" time="0.001" /><testcase classname="tests.test_adaptive_flux_pressure_audit" name="test_signed_flux_and_physical_conversion_are_consistent" time="0.001" /><testcase classname="tests.test_adaptive_flux_pressure_audit" name="test_adaptive_solve_has_no_mfr_area_proxy_dependency" time="0.004" /><testcase classname="tests.test_mcclure_adaptive_flux_reference" name="test_eq9_and_appendix_b_reconstruct_total_flux[1-0.00025-0.0]" time="0.001" /><testcase classname="tests.test_mcclure_adaptive_flux_reference" name="test_eq9_and_appendix_b_reconstruct_total_flux[7--0.0017-2e-05]" time="0.001" /><testcase classname="tests.test_mcclure_adaptive_flux_reference" name="test_eq9_and_appendix_b_reconstruct_total_flux[41-0.0031-7e-05]" time="0.001" /><testcase classname="tests.test_mcclure_adaptive_flux_reference" name="test_physical_flux_conversion_is_total_flux_and_has_no_area_argument" time="0.000" /><testcase classname="tests.test_physical_flux_affine_field" name="test_affine_oblique_field_oracle" time="4.144" /><testcase classname="tests.test_physical_flux_constant_field" name="test_constant_oblique_field_oracle" time="0.001" /><testcase classname="tests.test_physical_flux_grid_translation" name="test_base_grid_translation_sensitivity" time="0.001" /><testcase classname="tests.test_physical_flux_poiseuille_axis" name="test_axis_aligned_poiseuille_cbf_oracle" time="0.001" /><testcase classname="tests.test_physical_flux_poiseuille_oblique" name="test_oblique_poiseuille_cbf_oracle" time="0.001" /><testcase classname="tests.test_physical_flux_sign_convention" name="test_inlet_and_outlet_outward_sign_convention" time="0.002" /><testcase classname="tests.test_full_timestep_tau1_collision_mass" name="test_tau1_bgk_is_numerically_constructed_and_mass_conserving" time="0.001" /><testcase classname="tests.test_full_timestep_pull_connectivity_mass" name="test_boundary_neighbor_id_overrides_coordinate_only_pull" time="0.001" /><testcase classname="tests.test_referee_full_identity_gate" name="test_full_identity_gate_is_not_loosened" time="0.001" /><testcase classname="tests.test_full_timestep_identity_non_equilibrium" name="test_late_non_equilibrium_3117927_transition_closes" time="84.795" /></testsuite></testsuites>