<?xml version="1.0" encoding="utf-8"?><testsuites name="pytest tests"><testsuite name="pytest" errors="0" failures="0" skipped="0" tests="24" time="1.520" timestamp="2026-09-01T15:55:31.900656+02:00" hostname="烤鸡"><testcase classname="tests.test_tau1_reference_scaled_base" name="test_fresh_base_lua_uses_dynamic_reference_and_no_restart" time="0.001" /><testcase classname="tests.test_tau1_reference_scaled_base" name="test_old_misscaled_restart_is_forbidden" time="0.000" /><testcase classname="tests.test_tau1_reference_scaled_base" name="test_restart_compatibility_includes_dynamic_reference_pressure" time="0.000" /><testcase classname="tests.test_tau1_reference_scaled_base" name="test_physical_time_windows_are_exact" time="0.000" /><testcase classname="tests.test_tau1_reference_scaled_base" name="test_physical_volume_closure_gate" time="0.001" /><testcase classname="tests.test_tau1_reference_scaled_base" name="test_pressure_residual_uses_gauge_not_absolute_reference" time="0.000" /><testcase classname="tests.test_tau1_reference_scaled_base" name="test_rho_gate_covers_every_checkpoint" time="0.000" /><testcase classname="tests.test_tau1_reference_scaled_base" name="test_full_referee_outlet_pressures_are_dynamic_reference_plus_gauge" time="0.000" /><testcase classname="tests.test_tau1_reference_scaled_base" name="test_early_stop_requires_one_additional_checkpoint" time="0.000" /><testcase classname="tests.test_tau1_reference_scaled_base" name="test_plateau_fail_safe_requires_four_same_single_gate_audits" time="0.000" /><testcase classname="tests.test_tau1_reference_scaled_base" name="test_decision_tree_resets_candidate_after_failed_confirmation" time="0.000" /><testcase classname="tests.test_tau1_reference_pressure" name="test_old_pressure_reference_equals_old_unit_density_pressure" time="0.000" /><testcase classname="tests.test_tau1_reference_pressure" name="test_tau1_reference_pressure_formula" time="0.000" /><testcase classname="tests.test_tau1_reference_pressure" name="test_tau1_reference_density_is_one" time="0.000" /><testcase classname="tests.test_tau1_reference_pressure" name="test_pressure_reference_scales_as_dt_inverse_squared" time="0.000" /><testcase classname="tests.test_tau1_reference_pressure" name="test_outlet_gauge_pressures_preserved_under_reference_rescaling" time="0.000" /><testcase classname="tests.test_tau1_reference_pressure" name="test_tau1_lua_uses_dynamic_reference_pressure" time="0.001" /><testcase classname="tests.test_tau1_reference_pressure" name="test_tau1_fresh_smoke_forbids_old_restart" time="0.000" /><testcase classname="tests.test_tau1_reference_pressure" name="test_pressure_output_uses_dynamic_gauge_reference" time="0.000" /><testcase classname="tests.test_tau1_reference_pressure" name="test_adaptive_flux_target_contract_at_rho_one" time="0.000" /><testcase classname="tests.test_tau1_reference_pressure" name="test_old_misscaled_base_classification" time="0.000" /><testcase classname="tests.test_tau1_reference_pressure" name="test_zero_flow_transient_closure_is_json_diagnostic_not_steady_gate" time="0.000" /><testcase classname="tests.test_full_timestep_tau1_collision_mass" name="test_tau1_bgk_is_numerically_constructed_and_mass_conserving" time="0.001" /><testcase classname="tests.test_referee_full_identity_gate" name="test_full_identity_gate_is_not_loosened" time="0.000" /></testsuite></testsuites>