<?xml version="1.0" encoding="utf-8"?><testsuites name="pytest tests"><testsuite name="pytest" errors="0" failures="0" skipped="0" tests="22" time="9.275" timestamp="2026-09-01T23:48:41.476794+02:00" hostname="烤鸡"><testcase classname="tests.test_fine_continuation_monitor" name="test_healthy_running_requires_full_process_identity" time="0.031" /><testcase classname="tests.test_fine_continuation_monitor" name="test_runtime_scientific_pattern_has_priority" time="0.011" /><testcase classname="tests.test_fine_continuation_monitor" name="test_clean_completion_requires_target_restart_and_success_marker" time="0.017" /><testcase classname="tests.test_fine_continuation_monitor" name="test_next_checkpoint_uses_only_complete_restart_progress" time="0.004" /><testcase classname="tests.test_fine_continuation_monitor" name="test_restart_completeness_requires_header_iteration_and_exact_payload" time="0.009" /><testcase classname="tests.test_adaptive_population_cb_equivalence" name="test_pdf_payload_comparator_reports_bitwise_identity" time="0.172" /><testcase classname="tests.test_adaptive_population_cb_equivalence" name="test_equivalence_verdict_uses_machine_precision_gates" time="0.003" /><testcase classname="tests.test_adaptive_population_cb_equivalence" name="test_bitwise_equivalence_is_preferred" time="0.003" /><testcase classname="tests.test_adaptive_target_population" name="test_constant_target_is_count_invariant[1]" time="0.007" /><testcase classname="tests.test_adaptive_target_population" name="test_constant_target_is_count_invariant[2]" time="0.006" /><testcase classname="tests.test_adaptive_target_population" name="test_constant_target_is_count_invariant[375]" time="0.006" /><testcase classname="tests.test_adaptive_target_population" name="test_constant_target_is_count_invariant[376]" time="0.007" /><testcase classname="tests.test_adaptive_target_population" name="test_constant_target_is_count_invariant[1000]" time="0.008" /><testcase classname="tests.test_adaptive_target_population" name="test_mpi_partition_reduces_same_active_population" time="0.005" /><testcase classname="tests.test_adaptive_target_population" name="test_duplicate_positive_point_index_is_legal_and_counted" time="0.006" /><testcase classname="tests.test_adaptive_target_population" name="test_invalid_point_index_fails_fast[0]" time="0.010" /><testcase classname="tests.test_adaptive_target_population" name="test_invalid_point_index_fails_fast[-1]" time="0.011" /><testcase classname="tests.test_adaptive_target_population" name="test_nonfinite_sample_fails_fast" time="0.004" /><testcase classname="tests.test_adaptive_target_population" name="test_inactive_element_in_active_list_fails_fast" time="0.005" /><testcase classname="tests.test_adaptive_target_population" name="test_population_length_mismatch_fails_fast" time="0.002" /><testcase classname="tests.test_adaptive_target_population" name="test_375_over_376_regression_is_removed" time="0.003" /><testcase classname="tests.test_adaptive_target_population" name="test_musubi_patch_uses_active_denominator_and_fail_fast_invariants" time="0.004" /></testsuite></testsuites>