<?xml version="1.0" encoding="utf-8"?><testsuites name="pytest tests"><testsuite name="pytest" errors="0" failures="0" skipped="0" tests="57" time="108.488" timestamp="2026-09-01T23:02:48.998734+02:00" hostname="烤鸡"><testcase classname="tests.test_adaptive_target_population" name="test_constant_target_is_count_invariant[1]" time="0.012" /><testcase classname="tests.test_adaptive_target_population" name="test_constant_target_is_count_invariant[2]" time="0.006" /><testcase classname="tests.test_adaptive_target_population" name="test_constant_target_is_count_invariant[375]" time="0.010" /><testcase classname="tests.test_adaptive_target_population" name="test_constant_target_is_count_invariant[376]" time="0.003" /><testcase classname="tests.test_adaptive_target_population" name="test_constant_target_is_count_invariant[1000]" time="0.004" /><testcase classname="tests.test_adaptive_target_population" name="test_mpi_partition_reduces_same_active_population" time="0.004" /><testcase classname="tests.test_adaptive_target_population" name="test_duplicate_positive_point_index_is_legal_and_counted" time="0.002" /><testcase classname="tests.test_adaptive_target_population" name="test_invalid_point_index_fails_fast[0]" time="0.002" /><testcase classname="tests.test_adaptive_target_population" name="test_invalid_point_index_fails_fast[-1]" time="0.003" /><testcase classname="tests.test_adaptive_target_population" name="test_nonfinite_sample_fails_fast" time="0.002" /><testcase classname="tests.test_adaptive_target_population" name="test_inactive_element_in_active_list_fails_fast" time="0.002" /><testcase classname="tests.test_adaptive_target_population" name="test_population_length_mismatch_fails_fast" time="0.002" /><testcase classname="tests.test_adaptive_target_population" name="test_375_over_376_regression_is_removed" time="0.003" /><testcase classname="tests.test_adaptive_target_population" name="test_musubi_patch_uses_active_denominator_and_fail_fast_invariants" time="0.003" /><testcase classname="tests.test_tau1_reference_pressure" name="test_old_pressure_reference_equals_old_unit_density_pressure" time="0.002" /><testcase classname="tests.test_tau1_reference_pressure" name="test_tau1_reference_pressure_formula" time="0.001" /><testcase classname="tests.test_tau1_reference_pressure" name="test_tau1_reference_density_is_one" time="0.002" /><testcase classname="tests.test_tau1_reference_pressure" name="test_pressure_reference_scales_as_dt_inverse_squared" time="0.003" /><testcase classname="tests.test_tau1_reference_pressure" name="test_outlet_gauge_pressures_preserved_under_reference_rescaling" time="0.004" /><testcase classname="tests.test_tau1_reference_pressure" name="test_tau1_lua_uses_dynamic_reference_pressure" time="0.002" /><testcase classname="tests.test_tau1_reference_pressure" name="test_tau1_fresh_smoke_forbids_old_restart" time="0.001" /><testcase classname="tests.test_tau1_reference_pressure" name="test_pressure_output_uses_dynamic_gauge_reference" time="0.002" /><testcase classname="tests.test_tau1_reference_pressure" name="test_adaptive_flux_target_contract_at_rho_one" time="0.002" /><testcase classname="tests.test_tau1_reference_pressure" name="test_old_misscaled_base_classification" time="0.002" /><testcase classname="tests.test_tau1_reference_pressure" name="test_zero_flow_transient_closure_is_json_diagnostic_not_steady_gate" time="0.004" /><testcase classname="tests.test_full_timestep_identity_non_equilibrium" name="test_late_non_equilibrium_3117927_transition_closes" time="94.943" /><testcase classname="tests.test_full_timestep_tau1_collision_mass" name="test_tau1_bgk_is_numerically_constructed_and_mass_conserving" time="0.008" /><testcase classname="tests.test_full_timestep_pull_connectivity_mass" name="test_boundary_neighbor_id_overrides_coordinate_only_pull" time="0.003" /><testcase classname="tests.test_referee_full_identity_gate" name="test_full_identity_gate_is_not_loosened" time="0.005" /><testcase classname="tests.test_tau1_reference_scaled_grid" name="test_all_grid_runtime_values_are_formula_derived" time="0.002" /><testcase classname="tests.test_tau1_reference_scaled_grid" name="test_grid_insensitive_floor_passes_without_fabricated_order" time="0.002" /><testcase classname="tests.test_tau1_reference_scaled_grid" name="test_oscillatory_primary_is_rejected_even_below_five_percent" time="0.001" /><testcase classname="tests.test_tau1_reference_scaled_grid" name="test_gci_gate_is_independent_of_five_percent_difference_gate" time="0.002" /><testcase classname="tests.test_tau1_reference_scaled_grid" name="test_plateau_requires_four_audits_after_physical_time_floor" time="0.002" /><testcase classname="tests.test_tau1_reference_scaled_grid" name="test_member_lua_contract_rejects_cross_grid_restart" time="0.493" /><testcase classname="tests.test_tau1_reference_scaled_grid" name="test_physical_time_window_rounding_is_within_half_timestep" time="0.002" /><testcase classname="tests.test_tau1_grid_steady_physical_windows" name="test_windows_are_rescaled_by_physical_timestep" time="0.004" /><testcase classname="tests.test_tau1_grid_specs" name="test_tau1_grid_specs" time="0.003" /><testcase classname="tests.test_grid_restart_resume_contract" name="test_resume_requires_every_frozen_numerical_field" time="0.004" /><testcase classname="tests.test_grid_gci_uses_physical_flux_only" name="test_boundary_pdf_accounting_flux_cannot_enter_primary_gci" time="0.002" /><testcase classname="tests.test_grid_convergence_gate" name="test_all_seven_primary_metrics_must_be_asymptotic_and_within_five_percent" time="0.003" /><testcase classname="tests.test_grid_convergence_finalization" name="test_base_observables_are_recovered_from_archive_and_referee_evidence" time="0.111" /><testcase classname="tests.test_grid_convergence_finalization" name="test_grid_specs_use_constant_r_and_diffusive_time_scaling" time="0.002" /><testcase classname="tests.test_grid_convergence_finalization" name="test_monotonic_sequence_reports_order_richardson_and_both_gcis" time="0.002" /><testcase classname="tests.test_grid_convergence_finalization" name="test_invalid_three_grid_trends_do_not_fabricate_gci[values0-OSCILLATORY]" time="0.004" /><testcase classname="tests.test_grid_convergence_finalization" name="test_invalid_three_grid_trends_do_not_fabricate_gci[values1-STALLED]" time="0.004" /><testcase classname="tests.test_grid_convergence_finalization" name="test_invalid_three_grid_trends_do_not_fabricate_gci[values2-NON_ASYMPTOTIC]" time="0.003" /><testcase classname="tests.test_grid_convergence_finalization" name="test_five_percent_is_hard_gate_and_two_percent_is_preferred_gate" time="0.001" /><testcase classname="tests.test_grid_convergence_finalization" name="test_oscillatory_primary_metric_selects_geometry_review" time="0.001" /><testcase classname="tests.test_grid_convergence_finalization" name="test_deferred_attach_passes_550k_without_launching_musubi" time="0.008" /><testcase classname="tests.test_grid_convergence_finalization" name="test_duplicate_fine_musubi_launch_is_blocked" time="0.005" /><testcase classname="tests.test_grid_convergence_finalization" name="test_grid_process_history_counts_real_records" time="0.073" /><testcase classname="tests.test_grid_convergence_finalization" name="test_solved_grid_observables_carry_referee_v2_long_window_provenance" time="0.056" /><testcase classname="tests.test_grid_convergence_finalization" name="test_clean_nonsteady_segment_is_archived_as_history_not_numerical_failure" time="0.119" /><testcase classname="tests.test_grid_convergence_finalization" name="test_process_reconciliation_records_shutdown_iteration_after_gate_pass" time="0.196" /><testcase classname="tests.test_grid_convergence_finalization" name="test_reconciliation_replaces_stale_active_status_but_preserves_history" time="0.159" /><testcase classname="tests.test_grid_convergence_finalization" name="test_runtime_path_is_recovered_from_unc_restart_evidence" time="0.007" /></testsuite></testsuites>