<?xml version="1.0" encoding="utf-8"?><testsuites name="pytest tests"><testsuite name="pytest" errors="0" failures="1" skipped="0" tests="46" time="11.954" timestamp="2026-09-01T20:16:12.986357+02:00" hostname="烤鸡"><testcase classname="tests.test_tau1_reference_scaled_grid" name="test_all_grid_runtime_values_are_formula_derived" time="0.001" /><testcase classname="tests.test_tau1_reference_scaled_grid" name="test_grid_insensitive_floor_passes_without_fabricated_order" time="0.001" /><testcase classname="tests.test_tau1_reference_scaled_grid" name="test_oscillatory_primary_is_rejected_even_below_five_percent" time="0.001" /><testcase classname="tests.test_tau1_reference_scaled_grid" name="test_gci_gate_is_independent_of_five_percent_difference_gate" time="0.001" /><testcase classname="tests.test_tau1_reference_scaled_grid" name="test_plateau_requires_four_audits_after_physical_time_floor" time="0.001" /><testcase classname="tests.test_tau1_reference_scaled_grid" name="test_member_lua_contract_rejects_cross_grid_restart" time="8.419" /><testcase classname="tests.test_tau1_reference_scaled_grid" name="test_physical_time_window_rounding_is_within_half_timestep" time="0.001" /><testcase classname="tests.test_tau1_grid_specs" name="test_tau1_grid_specs" time="0.001" /><testcase classname="tests.test_tau1_grid_steady_physical_windows" name="test_windows_are_rescaled_by_physical_timestep" time="0.001" /><testcase classname="tests.test_grid_base_is_read_only" name="test_accepted_base_rejects_new_seeder_and_long_musubi" time="0.001" /><testcase classname="tests.test_grid_restart_resume_contract" name="test_resume_requires_every_frozen_numerical_field" time="0.001" /><testcase classname="tests.test_grid_gci_uses_physical_flux_only" name="test_boundary_pdf_accounting_flux_cannot_enter_primary_gci" time="0.001" /><testcase classname="tests.test_grid_convergence_gate" name="test_all_seven_primary_metrics_must_be_asymptotic_and_within_five_percent" time="0.001" /><testcase classname="tests.test_historical_bad_q_evidence_excluded" name="test_historical_fallback_q_grid_values_are_rejected" time="0.001" /><testcase classname="tests.test_tau1_reference_scaled_base" name="test_fresh_base_lua_uses_dynamic_reference_and_no_restart" time="0.001" /><testcase classname="tests.test_tau1_reference_scaled_base" name="test_old_misscaled_restart_is_forbidden" time="0.001" /><testcase classname="tests.test_tau1_reference_scaled_base" name="test_restart_compatibility_includes_dynamic_reference_pressure" time="0.001" /><testcase classname="tests.test_tau1_reference_scaled_base" name="test_physical_time_windows_are_exact" time="0.001" /><testcase classname="tests.test_tau1_reference_scaled_base" name="test_physical_volume_closure_gate" time="0.001" /><testcase classname="tests.test_tau1_reference_scaled_base" name="test_pressure_residual_uses_gauge_not_absolute_reference" time="0.001" /><testcase classname="tests.test_tau1_reference_scaled_base" name="test_rho_gate_covers_every_checkpoint" time="0.001" /><testcase classname="tests.test_tau1_reference_scaled_base" name="test_full_referee_outlet_pressures_are_dynamic_reference_plus_gauge" time="0.001" /><testcase classname="tests.test_tau1_reference_scaled_base" name="test_early_stop_requires_one_additional_checkpoint" time="0.000" /><testcase classname="tests.test_tau1_reference_scaled_base" name="test_plateau_fail_safe_requires_four_same_single_gate_audits" time="0.001" /><testcase classname="tests.test_tau1_reference_scaled_base" name="test_decision_tree_resets_candidate_after_failed_confirmation" time="0.001" /><testcase classname="tests.test_tau1_reference_pressure" name="test_old_pressure_reference_equals_old_unit_density_pressure" time="0.001" /><testcase classname="tests.test_tau1_reference_pressure" name="test_tau1_reference_pressure_formula" time="0.001" /><testcase classname="tests.test_tau1_reference_pressure" name="test_tau1_reference_density_is_one" time="0.001" /><testcase classname="tests.test_tau1_reference_pressure" name="test_pressure_reference_scales_as_dt_inverse_squared" time="0.001" /><testcase classname="tests.test_tau1_reference_pressure" name="test_outlet_gauge_pressures_preserved_under_reference_rescaling" time="0.001" /><testcase classname="tests.test_tau1_reference_pressure" name="test_tau1_lua_uses_dynamic_reference_pressure" time="0.001" /><testcase classname="tests.test_tau1_reference_pressure" name="test_tau1_fresh_smoke_forbids_old_restart" time="0.001" /><testcase classname="tests.test_tau1_reference_pressure" name="test_pressure_output_uses_dynamic_gauge_reference" time="0.001" /><testcase classname="tests.test_tau1_reference_pressure" name="test_adaptive_flux_target_contract_at_rho_one" time="0.001" /><testcase classname="tests.test_tau1_reference_pressure" name="test_old_misscaled_base_classification" time="0.001" /><testcase classname="tests.test_tau1_reference_pressure" name="test_zero_flow_transient_closure_is_json_diagnostic_not_steady_gate" time="0.001" /><testcase classname="tests.test_base_physical_flux_gate" name="test_base_gate_reports_first_real_failure_without_solver_calls" time="0.001"><failure message="FileNotFoundError: [Errno 2] No such file or directory: 'E:\\ULM\\hatimb-particle_flow_simulator\\ulm_3D_vascular\\outputs\\cfd_flow\\healthy_mouse_capillary_tau1_reference_scaled_grid_convergence_anchor003274_20260901\\qc\\base_physical_flux_preflight_v2.json'">def test_base_gate_reports_first_real_failure_without_solver_calls() -&gt; None:
        path = ROOT / "outputs" / "cfd_flow" / RUN_NAME / "qc" / "base_physical_flux_preflight_v2.json"
&gt;       record = json.loads(path.read_text(encoding="utf-8"))

tests\test_base_physical_flux_gate.py:14: 
_ _ _ _ _ _ _ _ _ _ _ _ _ _ _ _ _ _ _ _ _ _ _ _ _ _ _ _ _ _ _ _ _ _ _ _ _ _ _ _
D:\anaconda3\envs\pmp\lib\pathlib.py:1134: in read_text
    with self.open(mode='r', encoding=encoding, errors=errors) as f:
_ _ _ _ _ _ _ _ _ _ _ _ _ _ _ _ _ _ _ _ _ _ _ _ _ _ _ _ _ _ _ _ _ _ _ _ _ _ _ _

self = WindowsPath('E:/ULM/hatimb-particle_flow_simulator/ulm_3D_vascular/outputs/cfd_flow/healthy_mouse_capillary_tau1_reference_scaled_grid_convergence_anchor003274_20260901/qc/base_physical_flux_preflight_v2.json')
mode = 'r', buffering = -1, encoding = 'utf-8', errors = None, newline = None

    def open(self, mode='r', buffering=-1, encoding=None,
             errors=None, newline=None):
        """
        Open the file pointed by this path and return a file object, as
        the built-in open() function does.
        """
        if "b" not in mode:
            encoding = io.text_encoding(encoding)
&gt;       return self._accessor.open(self, mode, buffering, encoding, errors,
                                   newline)
E       FileNotFoundError: [Errno 2] No such file or directory: 'E:\\ULM\\hatimb-particle_flow_simulator\\ulm_3D_vascular\\outputs\\cfd_flow\\healthy_mouse_capillary_tau1_reference_scaled_grid_convergence_anchor003274_20260901\\qc\\base_physical_flux_preflight_v2.json'

D:\anaconda3\envs\pmp\lib\pathlib.py:1119: FileNotFoundError</failure></testcase><testcase classname="tests.test_physical_aperture_polygon_area" name="test_constrained_triangle_area_equals_aperture_area" time="0.002" /><testcase classname="tests.test_mls_interpolation_stencil_contract" name="test_mls_reproduces_affine_field_with_valid_stencils" time="0.002" /><testcase classname="tests.test_interior_plane_geometry_contract" name="test_v3_planes_are_geometry_only_single_lumen_sections" time="0.309" /><testcase classname="tests.test_referee_full_identity_gate" name="test_full_identity_gate_is_not_loosened" time="0.001" /><testcase classname="tests.test_full_timestep_tau1_collision_mass" name="test_tau1_bgk_is_numerically_constructed_and_mass_conserving" time="0.004" /><testcase classname="tests.test_full_timestep_pull_connectivity_mass" name="test_boundary_neighbor_id_overrides_coordinate_only_pull" time="0.001" /><testcase classname="tests.test_referee_v2_continuous_q_runtime" name="test_referee_v2_uses_frozen_mesh_new_dt_and_target_normalization" time="0.001" /><testcase classname="tests.test_dimensionless_scale_invariance" name="test_well_conditioned_hit_is_scale_invariant_to_one_e_minus_twelve" time="0.002" /><testcase classname="tests.test_dimensionless_scale_invariance" name="test_no_hit_parallel_and_degenerate_classifications_are_scale_invariant" time="0.002" /></testsuite></testsuites>